2024-06-16T17:57:27  refactor: tidy internals
2024-07-01T12:14:34  fix: handle empty input gracefully
2024-07-23T19:31:41  perf: micro-optimization
2024-09-01T14:48:48  style: formatting
2024-09-23T09:05:55  chore: bump dev tooling
2024-10-09T16:22:02  docs: expand examples
2024-10-31T11:39:09  test: strengthen coverage
2024-11-23T18:56:16  chore: tune defaults
2025-01-01T13:13:23  refactor: simplify helper
2025-01-24T08:30:30  chore: routine maintenance
2025-02-08T15:47:37  docs: clarify usage notes
2025-03-03T10:04:44  test: add edge case
2025-03-25T17:21:51  refactor: tidy internals
2025-05-04T12:38:58  fix: handle empty input gracefully
2025-05-26T19:55:05  perf: micro-optimization
2025-06-11T14:12:12  style: formatting
2025-07-03T09:29:19  chore: bump dev tooling
2025-07-25T16:46:26  docs: expand examples
2025-09-03T11:03:33  test: strengthen coverage
2025-09-25T18:20:40  chore: tune defaults
2025-10-11T13:37:47  refactor: simplify helper
2025-11-02T08:54:54  chore: routine maintenance
2025-12-12T15:11:01  docs: clarify usage notes
2026-01-03T10:28:08  test: add edge case
2026-01-26T17:45:15  refactor: tidy internals
2026-02-10T12:02:22  fix: handle empty input gracefully
2026-03-05T19:19:29  perf: micro-optimization
2026-04-13T14:36:36  style: formatting
2026-05-06T09:53:43  chore: bump dev tooling
2026-05-28T16:10:50  docs: expand examples
2024-07-04T17:57:27  docs: standing on the shoulders of giants (garak, sigma, trufflehog)
